<?xml version="1.0" encoding="UTF-8"?>
<!-- Generated by org.testng.reporters.JUnitXMLReporter -->
<testsuite ignored="0" hostname="Zafar" failures="4" tests="6" name="Test" time="14.505" errors="0" timestamp="2023-03-13T10:10:48 IST">
  <testcase classname="org.domain.lims_project.Clients.Client_EditClients" name="clientEditClient" time="0.547">
    <failure type="org.openqa.selenium.InvalidSelectorException" message="invalid selector: Unable to locate an element with the xpath expression //td[contains(.,&amp;apos;please give proper testscript key &amp;apos;name&amp;apos;&amp;apos;)]/following-sibling::td[.=&amp;apos;Client Status&amp;apos;]/a because of the following error:
SyntaxError: Failed to execute &amp;apos;evaluate&amp;apos; on &amp;apos;Document&amp;apos;: The string &amp;apos;//td[contains(.,&amp;apos;please give proper testscript key &amp;apos;name&amp;apos;&amp;apos;)]/following-sibling::td[.=&amp;apos;Client Status&amp;apos;]/a&amp;apos; is not a valid XPath expression.
  (Session info: chrome=111.0.5563.64)
For documentation on this error, please visit: https://www.seleniumhq.org/exceptions/invalid_selector_exception.html
Build info: version: &amp;apos;3.141.59&amp;apos;, revision: &amp;apos;e82be7d358&amp;apos;, time: &amp;apos;2018-11-14T08:17:03&amp;apos;
System info: host: &amp;apos;ZAFAR&amp;apos;, ip: &amp;apos;192.168.0.123&amp;apos;, os.name: &amp;apos;Windows 10&amp;apos;, os.arch: &amp;apos;amd64&amp;apos;, os.version: &amp;apos;10.0&amp;apos;, java.version: &amp;apos;16.0.1&amp;apos;
Driver info: org.openqa.selenium.chrome.ChromeDriver
Capabilities {acceptInsecureCerts: false, browserName: chrome, browserVersion: 111.0.5563.64, chrome: {chromedriverVersion: 111.0.5563.64 (c710e93d5b63..., userDataDir: C:\Users\khanz\AppData\Loca...}, goog:chromeOptions: {debuggerAddress: localhost:58312}, javascriptEnabled: true, networkConnectionEnabled: false, pageLoadStrategy: normal, platform: WINDOWS, platformName: WINDOWS, proxy: Proxy(), setWindowRect: true, strictFileInteractability: false, timeouts: {implicit: 0, pageLoad: 300000, script: 30000}, unhandledPromptBehavior: dismiss and notify, webauthn:extension:credBlob: true, webauthn:extension:largeBlob: true, webauthn:extension:minPinLength: true, webauthn:extension:prf: true, webauthn:virtualAuthenticators: true}
Session ID: b77be9fa552fa49fd5503e1d4dd53565
*** Element info: {Using=xpath, value=//td[contains(.,&amp;apos;please give proper testscript key &amp;apos;name&amp;apos;&amp;apos;)]/following-sibling::td[.=&amp;apos;Client Status&amp;apos;]/a}">
      <![CDATA[org.openqa.selenium.InvalidSelectorException: invalid selector: Unable to locate an element with the xpath expression //td[contains(.,'please give proper testscript key 'name'')]/following-sibling::td[.='Client Status']/a because of the following error:
SyntaxError: Failed to execute 'evaluate' on 'Document': The string '//td[contains(.,'please give proper testscript key 'name'')]/following-sibling::td[.='Client Status']/a' is not a valid XPath expression.
  (Session info: chrome=111.0.5563.64)
For documentation on this error, please visit: https://www.seleniumhq.org/exceptions/invalid_selector_exception.html
Build info: version: '3.141.59', revision: 'e82be7d358', time: '2018-11-14T08:17:03'
System info: host: 'ZAFAR', ip: '192.168.0.123', os.name: 'Windows 10', os.arch: 'amd64', os.version: '10.0', java.version: '16.0.1'
Driver info: org.openqa.selenium.chrome.ChromeDriver
Capabilities {acceptInsecureCerts: false, browserName: chrome, browserVersion: 111.0.5563.64, chrome: {chromedriverVersion: 111.0.5563.64 (c710e93d5b63..., userDataDir: C:\Users\khanz\AppData\Loca...}, goog:chromeOptions: {debuggerAddress: localhost:58312}, javascriptEnabled: true, networkConnectionEnabled: false, pageLoadStrategy: normal, platform: WINDOWS, platformName: WINDOWS, proxy: Proxy(), setWindowRect: true, strictFileInteractability: false, timeouts: {implicit: 0, pageLoad: 300000, script: 30000}, unhandledPromptBehavior: dismiss and notify, webauthn:extension:credBlob: true, webauthn:extension:largeBlob: true, webauthn:extension:minPinLength: true, webauthn:extension:prf: true, webauthn:virtualAuthenticators: true}
Session ID: b77be9fa552fa49fd5503e1d4dd53565
*** Element info: {Using=xpath, value=//td[contains(.,'please give proper testscript key 'name'')]/following-sibling::td[.='Client Status']/a}
at org.openqa.selenium.remote.http.W3CHttpResponseCodec.createException(W3CHttpResponseCodec.java:187)
at org.openqa.selenium.remote.http.W3CHttpResponseCodec.decode(W3CHttpResponseCodec.java:122)
at org.openqa.selenium.remote.http.W3CHttpResponseCodec.decode(W3CHttpResponseCodec.java:49)
at org.openqa.selenium.remote.HttpCommandExecutor.execute(HttpCommandExecutor.java:158)
at org.openqa.selenium.remote.service.DriverCommandExecutor.execute(DriverCommandExecutor.java:83)
at org.openqa.selenium.remote.RemoteWebDriver.execute(RemoteWebDriver.java:552)
at org.openqa.selenium.remote.RemoteWebDriver.findElement(RemoteWebDriver.java:323)
at org.openqa.selenium.remote.RemoteWebDriver.findElementByXPath(RemoteWebDriver.java:428)
at org.openqa.selenium.By$ByXPath.findElement(By.java:353)
at org.openqa.selenium.remote.RemoteWebDriver.findElement(RemoteWebDriver.java:315)
at com.tyss.genricUtility.ObjectRepository.ClientEditClientPage.convertToWebElement(ClientEditClientPage.java:44)
at com.tyss.genricUtility.ObjectRepository.ClientEditClientPage.clickClientStatusNameBysWithEdit(ClientEditClientPage.java:48)
at org.domain.lims_project.Clients.Client_EditClients.clientEditClient(Client_EditClients.java:35)
at java.base/java.util.concurrent.ThreadPoolExecutor.runWorker(ThreadPoolExecutor.java:1130)
at java.base/java.util.concurrent.ThreadPoolExecutor$Worker.run(ThreadPoolExecutor.java:630)
at java.base/java.lang.Thread.run(Thread.java:831)
... Removed 17 stack frames]]>
    </failure>
  </testcase> <!-- clientEditClient -->
  <testcase classname="org.domain.lims_project.Clients.Client_EditClients" name="clientEditClient" time="1.447">
    <failure type="java.lang.NullPointerException" message="Cannot invoke &amp;quot;com.tyss.genricUtility.ExtarnalUtility.PropertyUtility.getPropertyData(com.tyss.genricUtility.Enum.PropertyKey)&amp;quot; because &amp;quot;this.propertyUtility&amp;quot; is null">
      <![CDATA[java.lang.NullPointerException: Cannot invoke "com.tyss.genricUtility.ExtarnalUtility.PropertyUtility.getPropertyData(com.tyss.genricUtility.Enum.PropertyKey)" because "this.propertyUtility" is null
at com.tyss.genricUtility.Listener.ExtentReportListener.onTestFailure(ExtentReportListener.java:96)
at java.base/java.util.concurrent.ThreadPoolExecutor.runWorker(ThreadPoolExecutor.java:1130)
at java.base/java.util.concurrent.ThreadPoolExecutor$Worker.run(ThreadPoolExecutor.java:630)
at java.base/java.lang.Thread.run(Thread.java:831)
... Removed 9 stack frames]]>
    </failure>
  </testcase> <!-- clientEditClient -->
  <testcase classname="org.domain.lims_project.Clients.Clients_Add_Client" name="clients_Add_Client" time="2.673">
    <skipped/>
  </testcase> <!-- clients_Add_Client -->
  <testcase classname="org.domain.lims_project.Clients.Clients_Add_Client" name="clients_Add_Client" time="2.038">
    <skipped/>
  </testcase> <!-- clients_Add_Client -->
  <testcase classname="org.domain.lims_project.Clients.Clients_Add_Client" name="clients_Add_Client" time="2.297">
    <failure type="java.lang.NullPointerException" message="Cannot invoke &amp;quot;com.tyss.genricUtility.Miscl.VerificationUtility.tableVerifationData(java.util.List, String)&amp;quot; because &amp;quot;verificationUtility&amp;quot; is null">
      <![CDATA[java.lang.NullPointerException: Cannot invoke "com.tyss.genricUtility.Miscl.VerificationUtility.tableVerifationData(java.util.List, String)" because "verificationUtility" is null
at com.tyss.genricUtility.ObjectRepository.AddClientsPage.verifyAddClients(AddClientsPage.java:71)
at org.domain.lims_project.Clients.Clients_Add_Client.clients_Add_Client(Clients_Add_Client.java:40)
at java.base/java.util.concurrent.ThreadPoolExecutor.runWorker(ThreadPoolExecutor.java:1130)
at java.base/java.util.concurrent.ThreadPoolExecutor$Worker.run(ThreadPoolExecutor.java:630)
at java.base/java.lang.Thread.run(Thread.java:831)
... Removed 12 stack frames]]>
    </failure>
  </testcase> <!-- clients_Add_Client -->
  <testcase classname="org.domain.lims_project.Clients.Clients_Add_Client" name="clients_Add_Client" time="8.912">
    <failure type="java.lang.NullPointerException" message="Cannot invoke &amp;quot;com.tyss.genricUtility.ExtarnalUtility.PropertyUtility.getPropertyData(com.tyss.genricUtility.Enum.PropertyKey)&amp;quot; because &amp;quot;this.propertyUtility&amp;quot; is null">
      <![CDATA[java.lang.NullPointerException: Cannot invoke "com.tyss.genricUtility.ExtarnalUtility.PropertyUtility.getPropertyData(com.tyss.genricUtility.Enum.PropertyKey)" because "this.propertyUtility" is null
at com.tyss.genricUtility.Listener.ExtentReportListener.onTestFailure(ExtentReportListener.java:96)
at java.base/java.util.concurrent.ThreadPoolExecutor.runWorker(ThreadPoolExecutor.java:1130)
at java.base/java.util.concurrent.ThreadPoolExecutor$Worker.run(ThreadPoolExecutor.java:630)
at java.base/java.lang.Thread.run(Thread.java:831)
... Removed 9 stack frames]]>
    </failure>
  </testcase> <!-- clients_Add_Client -->
</testsuite> <!-- Test -->
