<html>
<head>
<title>TestNG:  Test</title>
<link href="../testng.css" rel="stylesheet" type="text/css" />
<link href="../my-testng.css" rel="stylesheet" type="text/css" />

<style type="text/css">
.log { display: none;} 
.stack-trace { display: none;} 
</style>
<script type="text/javascript">
<!--
function flip(e) {
  current = e.style.display;
  if (current == 'block') {
    e.style.display = 'none';
    return 0;
  }
  else {
    e.style.display = 'block';
    return 1;
  }
}

function toggleBox(szDivId, elem, msg1, msg2)
{
  var res = -1;  if (document.getElementById) {
    res = flip(document.getElementById(szDivId));
  }
  else if (document.all) {
    // this is the way old msie versions work
    res = flip(document.all[szDivId]);
  }
  if(elem) {
    if(res == 0) elem.innerHTML = msg1; else elem.innerHTML = msg2;
  }

}

function toggleAllBoxes() {
  if (document.getElementsByTagName) {
    d = document.getElementsByTagName('div');
    for (i = 0; i < d.length; i++) {
      if (d[i].className == 'log') {
        flip(d[i]);
      }
    }
  }
}

// -->
</script>

</head>
<body>
<h2 align='center'>Test</h2><table border='1' align="center">
<tr>
<td>Tests passed/Failed/Skipped:</td><td>11/1/0</td>
</tr><tr>
<td>Started on:</td><td>Mon Apr 10 16:13:01 IST 2023</td>
</tr>
<tr><td>Total time:</td><td>20 seconds (20927 ms)</td>
</tr><tr>
<td>Included groups:</td><td></td>
</tr><tr>
<td>Excluded groups:</td><td></td>
</tr>
</table><p/>
<small><i>(Hover the method name to see the test class name)</i></small><p/>
<table width='100%' border='1' class='invocation-failed'>
<tr><td colspan='4' align='center'><b>FAILED TESTS</b></td></tr>
<tr><td><b>Test method</b></td>
<td width="30%"><b>Exception</b></td>
<td width="10%"><b>Time (seconds)</b></td>
<td><b>Instance</b></td>
</tr>
<tr>
<td title='api.test.DataDrivenTest.testDeleteUserName()'><b>testDeleteUserName</b><br>Test class: api.test.DataDrivenTest</td>
<td><div><pre>org.testng.TestNGException: 
Method public void api.test.DataDrivenTest.testDeleteUserName(java.lang.String) requires a @DataProvider named : UserName
	at java.util.ArrayList.forEach(ArrayList.java:1259)
... Removed 28 stack frames</pre></div><a href='#' onClick='toggleBox("stack-trace2052601222", this, "Click to show all stack frames", "Click to hide stack frames")'>Click to show all stack frames</a>
<div class='stack-trace' id='stack-trace2052601222'><pre>org.testng.TestNGException: 
Method public void api.test.DataDrivenTest.testDeleteUserName(java.lang.String) requires a @DataProvider named : UserName
	at org.testng.internal.Parameters.findDataProvider(Parameters.java:561)
	at org.testng.internal.Parameters.handleParameters(Parameters.java:772)
	at org.testng.internal.Parameters.handleParameters(Parameters.java:740)
	at org.testng.internal.ParameterHandler.handleParameters(ParameterHandler.java:59)
	at org.testng.internal.ParameterHandler.createParameters(ParameterHandler.java:38)
	at org.testng.internal.TestInvoker$MethodInvocationAgent.invoke(TestInvoker.java:791)
	at org.testng.internal.TestInvoker.invokeTestMethods(TestInvoker.java:146)
	at org.testng.internal.TestMethodWorker.invokeTestMethods(TestMethodWorker.java:146)
	at org.testng.internal.TestMethodWorker.run(TestMethodWorker.java:128)
	at java.util.ArrayList.forEach(ArrayList.java:1259)
	at org.testng.TestRunner.privateRun(TestRunner.java:794)
	at org.testng.TestRunner.run(TestRunner.java:596)
	at org.testng.SuiteRunner.runTest(SuiteRunner.java:377)
	at org.testng.SuiteRunner.runSequentially(SuiteRunner.java:371)
	at org.testng.SuiteRunner.privateRun(SuiteRunner.java:332)
	at org.testng.SuiteRunner.run(SuiteRunner.java:276)
	at org.testng.SuiteRunnerWorker.runSuite(SuiteRunnerWorker.java:53)
	at org.testng.SuiteRunnerWorker.run(SuiteRunnerWorker.java:96)
	at org.testng.TestNG.runSuitesSequentially(TestNG.java:1212)
	at org.testng.TestNG.runSuitesLocally(TestNG.java:1134)
	at org.testng.TestNG.runSuites(TestNG.java:1063)
	at org.testng.TestNG.run(TestNG.java:1031)
	at org.apache.maven.surefire.testng.TestNGExecutor.run(TestNGExecutor.java:324)
	at org.apache.maven.surefire.testng.TestNGXmlTestSuite.execute(TestNGXmlTestSuite.java:74)
	at org.apache.maven.surefire.testng.TestNGProvider.invoke(TestNGProvider.java:123)
	at org.apache.maven.surefire.booter.ForkedBooter.runSuitesInProcess(ForkedBooter.java:456)
	at org.apache.maven.surefire.booter.ForkedBooter.execute(ForkedBooter.java:169)
	at org.apache.maven.surefire.booter.ForkedBooter.run(ForkedBooter.java:595)
	at org.apache.maven.surefire.booter.ForkedBooter.main(ForkedBooter.java:581)
</pre></div></td>
<td>0</td>
<td>api.test.DataDrivenTest@4923ab24</td></tr>
</table><p>
<table width='100%' border='1' class='invocation-passed'>
<tr><td colspan='4' align='center'><b>PASSED TESTS</b></td></tr>
<tr><td><b>Test method</b></td>
<td width="30%"><b>Exception</b></td>
<td width="10%"><b>Time (seconds)</b></td>
<td><b>Instance</b></td>
</tr>
<tr>
<td title='api.test.UserTest.testDeleteByName()'><b>testDeleteByName</b><br>Test class: api.test.UserTest</td>
<td></td>
<td>1</td>
<td>api.test.UserTest@50d0686</td></tr>
<tr>
<td title='api.test.UserTest.testUpdateByUserName()'><b>testUpdateByUserName</b><br>Test class: api.test.UserTest</td>
<td></td>
<td>3</td>
<td>api.test.UserTest@50d0686</td></tr>
<tr>
<td title='api.test.DataDrivenTest.testPosture()'><b>testPosture</b><br>Test class: api.test.DataDrivenTest<br>Parameters: 1010, testuser1, zafar, ali, a@gmail.com, test@1, 123456</td>
<td></td>
<td>4</td>
<td>api.test.DataDrivenTest@4923ab24</td></tr>
<tr>
<td title='api.test.DemoTest.tes2()'><b>tes2</b><br>Test class: api.test.DemoTest</td>
<td></td>
<td>0</td>
<td>api.test.DemoTest@371a67ec</td></tr>
<tr>
<td title='api.test.UserTest.testPostUser()'><b>testPostUser</b><br>Test class: api.test.UserTest</td>
<td></td>
<td>1</td>
<td>api.test.UserTest@50d0686</td></tr>
<tr>
<td title='api.test.DemoTest.tes3()'><b>tes3</b><br>Test class: api.test.DemoTest</td>
<td></td>
<td>0</td>
<td>api.test.DemoTest@371a67ec</td></tr>
<tr>
<td title='api.test.DemoTest.tes1()'><b>tes1</b><br>Test class: api.test.DemoTest</td>
<td></td>
<td>0</td>
<td>api.test.DemoTest@371a67ec</td></tr>
<tr>
<td title='api.test.DataDrivenTest.testPosture()'><b>testPosture</b><br>Test class: api.test.DataDrivenTest<br>Parameters: 1020, testuser2, samrath, alam, b@gmail.com, test@2, 123654</td>
<td></td>
<td>3</td>
<td>api.test.DataDrivenTest@4923ab24</td></tr>
<tr>
<td title='api.test.DemoTest.tes4()'><b>tes4</b><br>Test class: api.test.DemoTest</td>
<td></td>
<td>0</td>
<td>api.test.DemoTest@371a67ec</td></tr>
<tr>
<td title='api.test.DataDrivenTest.testPosture()'><b>testPosture</b><br>Test class: api.test.DataDrivenTest<br>Parameters: 1030, testuser3, shubham, khan, c@gmail.com, test@3, 55699475</td>
<td></td>
<td>2</td>
<td>api.test.DataDrivenTest@4923ab24</td></tr>
<tr>
<td title='api.test.UserTest.testGetUserByName()'><b>testGetUserByName</b><br>Test class: api.test.UserTest</td>
<td></td>
<td>1</td>
<td>api.test.UserTest@50d0686</td></tr>
</table><p>
</body>
</html>